<?xml version="1.0" encoding="UTF-8"?>
<testsuite name="org.embeddedt.modernfix.util.AtomicConfigFileTest" tests="3" skipped="0" failures="0" errors="0" timestamp="2026-09-25T14:39:04.865Z" hostname="5.local" time="0.016">
  <properties/>
  <testcase name="failedWritePreservesPreviousConfigurationAndCleansTemporaryFile()" classname="org.embeddedt.modernfix.util.AtomicConfigFileTest" time="0.006"/>
  <testcase name="preservesSymlinkAndUpdatesItsTarget()" classname="org.embeddedt.modernfix.util.AtomicConfigFileTest" time="0.004"/>
  <testcase name="successfulWriteReplacesFileWithPropertiesCompatibleEncoding()" classname="org.embeddedt.modernfix.util.AtomicConfigFileTest" time="0.004"/>
  <system-out><![CDATA[]]></system-out>
  <system-err><![CDATA[]]></system-err>
</testsuite>
